<?xml version="1.0" encoding="UTF-8"?>
<!-- Generated by org.testng.reporters.JUnitXMLReporter -->
<testsuite ignored="2" hostname="Prachi" failures="0" tests="1" name="Default test" time="5.266" errors="0" timestamp="21 Jun 2024 13:52:27 GMT">
  <testcase classname="weather.AirPollutionAPITest" name="verifyAirPollutionEndpoint" time="4.057"/>
  <testcase classname="weather.AirPollutionAPITest" name="verifyPostCallAirPollutionEndpoint" time="0.0">
    <ignored/>
  </testcase> <!-- verifyPostCallAirPollutionEndpoint -->
  <testcase classname="weather.AirPollutionAPITest" name="verifyPutCallAirPollutionEndpoint" time="0.0">
    <ignored/>
  </testcase> <!-- verifyPutCallAirPollutionEndpoint -->
</testsuite> <!-- Default test -->
