<?xml version="1.0" encoding="UTF-8"?>
<!-- Generated by org.testng.reporters.JUnitXMLReporter -->
<testsuite ignored="4" hostname="Prachi" failures="2" tests="10" name="ExecutingListeners" time="9.346" errors="0" timestamp="21 Jun 2024 15:07:18 GMT">
  <testcase classname="weather.AirPollutionAPITest" name="verifyAirPollutionEndpoint" time="3.163"/>
  <testcase classname="weather.AirPollutionAPITest" name="verifyPutCallAirPollutionEndpoint" time="0.995"/>
  <testcase classname="weather.AirPollutionAPITest" name="verifyPostCallAirPollutionEndpoint" time="0.639">
    <failure type="java.lang.AssertionError" message="expected [405] but found [401]">
      <![CDATA[java.lang.AssertionError: expected [405] but found [401]
at weather.Parameter.assertResponse(Parameter.java:103)
at weather.AirPollutionAPITest.verifyPostCallAirPollutionEndpoint(AirPollutionAPITest.java:36)
... Removed 31 stack frames]]>
    </failure>
  </testcase> <!-- verifyPostCallAirPollutionEndpoint -->
  <testcase classname="weather.WeatherAPITest" name="currentWeatherValidKey" time="0.576"/>
  <testcase classname="weather.WeatherAPITest" name="currentWeatherInValidKey" time="0.44">
    <failure type="java.lang.AssertionError" message="expected [401] but found [The response code is io.restassured.internal.RestAssuredResponseImpl@205159dc]">
      <![CDATA[java.lang.AssertionError: expected [401] but found [The response code is io.restassured.internal.RestAssuredResponseImpl@205159dc]
at weather.WeatherAPITest.currentWeatherInValidKey(WeatherAPITest.java:44)
... Removed 31 stack frames]]>
    </failure>
  </testcase> <!-- currentWeatherInValidKey -->
  <testcase classname="weather.WeatherAPITest" name="currentWeatherInValidLatitude" time="0.563"/>
  <testcase classname="weather.WeatherAPITest" name="currentWeatherInValidLongitude" time="0.498"/>
  <testcase classname="weather.WeatherAPITest" name="currentWeatherPUTMethod" time="0.509"/>
  <testcase classname="weather.Forecast5Day3hourTest" name="forecast_5Day3Hour" time="0.539"/>
  <testcase classname="weather.Forecast5Day3hourTest" name="forecast_5Day3HourPUTMethod" time="0.499"/>
  <testcase classname="weather.Parameter" name="@AfterSuite suiteTearDown" time="0.0">
    <ignored/>
  </testcase> <!-- @AfterSuite suiteTearDown -->
  <testcase classname="weather.Parameter" name="@AfterSuite suiteTearDown" time="0.0">
    <ignored/>
  </testcase> <!-- @AfterSuite suiteTearDown -->
  <testcase classname="weather.Parameter" name="@BeforeSuite suiteSetUp" time="0.0">
    <ignored/>
  </testcase> <!-- @BeforeSuite suiteSetUp -->
  <testcase classname="weather.Parameter" name="@BeforeSuite suiteSetUp" time="0.0">
    <ignored/>
  </testcase> <!-- @BeforeSuite suiteSetUp -->
</testsuite> <!-- ExecutingListeners -->
