<?xml version="1.0" encoding="UTF-8"?>
<!-- Generated by org.testng.reporters.JUnitXMLReporter -->
<testsuite ignored="2" hostname="Prachi" failures="1" tests="1" name="Prachi" time="1.703" errors="0" timestamp="21 Jun 2024 09:47:53 GMT">
  <testcase classname="weather.AirPollutionAPITest" name="verifyAirPollutionEndpoint" time="1.667">
    <failure type="java.lang.NullPointerException" message="Cannot invoke &amp;quot;com.aventstack.extentreports.ExtentTest.createNode(String)&amp;quot; because &amp;quot;report.ListenertestNG.test1&amp;quot; is null">
      <![CDATA[java.lang.NullPointerException: Cannot invoke "com.aventstack.extentreports.ExtentTest.createNode(String)" because "report.ListenertestNG.test1" is null
at weather.Parameter.getConfiguration(Parameter.java:61)
at weather.Parameter.setupParams(Parameter.java:89)
at weather.AirPollutionAPITest.verifyAirPollutionEndpoint(AirPollutionAPITest.java:22)
... Removed 25 stack frames]]>
    </failure>
  </testcase> <!-- verifyAirPollutionEndpoint -->
  <testcase classname="weather.AirPollutionAPITest" name="verifyPostCallAirPollutionEndpoint" time="0.0">
    <ignored/>
  </testcase> <!-- verifyPostCallAirPollutionEndpoint -->
  <testcase classname="weather.AirPollutionAPITest" name="verifyPutCallAirPollutionEndpoint" time="0.0">
    <ignored/>
  </testcase> <!-- verifyPutCallAirPollutionEndpoint -->
</testsuite> <!-- Prachi -->
